<?xml version="1.0" encoding="UTF-8"?>
<!-- Generated by org.testng.reporters.JUnitReportReporter -->
<testsuite hostname="LPCAIQ1302" failures="0" tests="1" name="shoppingcart.AddingItemCheckCount" time="4.229" errors="0" timestamp="2023-05-18T14:28:38 AST" skipped="0">
  <testcase classname="shoppingcart.AddingItemCheckCount" name="testAddingItemAndCheckingCount" time="4.229"/>
  <system-out/>
</testsuite> <!-- shoppingcart.AddingItemCheckCount -->
