<?xml version="1.0" encoding="UTF-8"?>
<!-- Generated by org.testng.reporters.JUnitReportReporter -->
<testsuite hostname="LPCAIQ1302" failures="0" tests="2" name="register.RegisterMale" time="5.480" errors="0" timestamp="2023-05-11T23:37:27 AST" skipped="0">
  <testcase classname="register.RegisterMale" name="registerMaleTest" time="3.018"/>
  <system-out/>
  <testcase classname="register.RegisterMale" name="registerFemaleTest" time="2.462"/>
  <system-out/>
</testsuite> <!-- register.RegisterMale -->
