<?xml version="1.0" encoding="UTF-8"?>
<!-- Generated by org.testng.reporters.JUnitReportReporter -->
<testsuite hostname="LPCAIQ1302" failures="0" tests="2" name="login.LoginFemale" time="5.037" errors="0" timestamp="2023-05-11T23:37:27 AST" skipped="0">
  <testcase classname="login.LoginFemale" name="loginFemaleTest" time="2.757"/>
  <system-out/>
  <testcase classname="login.LoginFemale" name="loginMaleTest" time="2.280"/>
  <system-out/>
</testsuite> <!-- login.LoginFemale -->
