<?xml version="1.0" encoding="UTF-8"?>
<!-- Generated by org.testng.reporters.JUnitReportReporter -->
<testsuite hostname="LPCAIQ1302" failures="0" tests="1" name="wishlist.AddingItemCheckingCount" time="3.102" errors="0" timestamp="2023-05-18T14:28:38 AST" skipped="0">
  <testcase classname="wishlist.AddingItemCheckingCount" name="testAddingItemAndCheckingCount" time="3.102"/>
  <system-out/>
</testsuite> <!-- wishlist.AddingItemCheckingCount -->
