<?xml version="1.0" encoding="UTF-8"?>
<!-- Generated by org.testng.reporters.JUnitReportReporter -->
<testsuite hostname="LPCAIQ1302" failures="0" tests="1" name="register.RegisterFemale" time="2.974" errors="0" timestamp="2023-05-18T14:28:38 AST" skipped="0">
  <testcase classname="register.RegisterFemale" name="registerFemaleTest" time="2.974"/>
  <system-out/>
</testsuite> <!-- register.RegisterFemale -->
